<?xml version="1.0" encoding="UTF-8"?>
<!-- Generated by org.testng.reporters.JUnitReportReporter -->
<testsuite hostname="Satya" failures="0" tests="1" name="reqres.in.api.PostRequestTest" time="2.779" errors="0" timestamp="2025-03-11T17:34:53 IST" skipped="0">
  <testcase classname="reqres.in.api.PostRequestTest" name="createUserTest" time="2.779"/>
</testsuite> <!-- reqres.in.api.PostRequestTest -->
