<?xml version="1.0" encoding="UTF-8"?>
<!-- Generated by org.testng.reporters.JUnitReportReporter -->
<testsuite hostname="Satya" failures="0" tests="1" name="com.api.tests.GetProfileAPITest" time="2.996" errors="0" timestamp="2025-03-14T13:56:44 IST" skipped="0">
  <testcase classname="com.api.tests.GetProfileAPITest" name="getUserProfile" time="2.996"/>
</testsuite> <!-- com.api.tests.GetProfileAPITest -->
