<?xml version="1.0" encoding="UTF-8"?>
<!-- Generated by org.testng.reporters.JUnitReportReporter -->
<testsuite hostname="Satya" failures="0" tests="1" name="com.api.tests.LoginAPITest" time="2.645" errors="0" timestamp="2025-03-12T23:02:05 IST" skipped="0">
  <testcase classname="com.api.tests.LoginAPITest" name="loginTest" time="2.645"/>
</testsuite> <!-- com.api.tests.LoginAPITest -->
