<?xml version="1.0" encoding="UTF-8"?>
<!-- Generated by org.testng.reporters.JUnitReportReporter -->
<testsuite hostname="Satya" failures="0" tests="1" name="com.api.tests.ForgotPasswordAPITest" time="2.612" errors="0" timestamp="2025-03-14T12:37:23 IST" skipped="0">
  <testcase classname="com.api.tests.ForgotPasswordAPITest" name="AccountCreationTest" time="2.612"/>
</testsuite> <!-- com.api.tests.ForgotPasswordAPITest -->
