<?xml version="1.0" encoding="UTF-8"?>
<!-- Generated by org.testng.reporters.JUnitReportReporter -->
<testsuite hostname="Satya" failures="0" tests="1" name="com.api.tests.SignUpAPITest" time="2.487" errors="0" timestamp="2025-03-14T11:37:25 IST" skipped="0">
  <testcase classname="com.api.tests.SignUpAPITest" name="AccountCreationTest" time="2.487"/>
</testsuite> <!-- com.api.tests.SignUpAPITest -->
